<?xml version="1.0" encoding="UTF-8"?>
<testng-results skipped="0" failed="0" ignored="0" total="1" passed="1">
  <reporter-output>
  </reporter-output>
  <suite name="Default suite" duration-ms="61" started-at="2021-08-31T19:01:39 IST" finished-at="2021-08-31T19:01:39 IST">
    <groups>
    </groups>
    <test name="Default test" duration-ms="61" started-at="2021-08-31T19:01:39 IST" finished-at="2021-08-31T19:01:39 IST">
      <class name="testng.Testngdemo">
        <test-method status="PASS" signature="beforeTest()[pri:0, instance:testng.Testngdemo@1786dec2]" name="beforeTest" is-config="true" duration-ms="12" started-at="2021-08-31T19:01:39 IST" finished-at="2021-08-31T19:01:39 IST">
          <reporter-output>
          </reporter-output>
        </test-method> <!-- beforeTest -->
        <test-method status="PASS" signature="beforeClass()[pri:0, instance:testng.Testngdemo@1786dec2]" name="beforeClass" is-config="true" duration-ms="1" started-at="2021-08-31T19:01:39 IST" finished-at="2021-08-31T19:01:39 IST">
          <reporter-output>
          </reporter-output>
        </test-method> <!-- beforeClass -->
        <test-method status="PASS" signature="beforeMethod()[pri:0, instance:testng.Testngdemo@1786dec2]" name="beforeMethod" is-config="true" duration-ms="1" started-at="2021-08-31T19:01:39 IST" finished-at="2021-08-31T19:01:39 IST">
          <reporter-output>
          </reporter-output>
        </test-method> <!-- beforeMethod -->
        <test-method status="PASS" signature="f()[pri:0, instance:testng.Testngdemo@1786dec2]" name="f" duration-ms="7" started-at="2021-08-31T19:01:39 IST" finished-at="2021-08-31T19:01:39 IST">
          <reporter-output>
          </reporter-output>
        </test-method> <!-- f -->
        <test-method status="PASS" signature="afterMethod()[pri:0, instance:testng.Testngdemo@1786dec2]" name="afterMethod" is-config="true" duration-ms="1" started-at="2021-08-31T19:01:39 IST" finished-at="2021-08-31T19:01:39 IST">
          <reporter-output>
          </reporter-output>
        </test-method> <!-- afterMethod -->
        <test-method status="PASS" signature="afterClass()[pri:0, instance:testng.Testngdemo@1786dec2]" name="afterClass" is-config="true" duration-ms="0" started-at="2021-08-31T19:01:39 IST" finished-at="2021-08-31T19:01:39 IST">
          <reporter-output>
          </reporter-output>
        </test-method> <!-- afterClass -->
        <test-method status="PASS" signature="afterTest()[pri:0, instance:testng.Testngdemo@1786dec2]" name="afterTest" is-config="true" duration-ms="0" started-at="2021-08-31T19:01:39 IST" finished-at="2021-08-31T19:01:39 IST">
          <reporter-output>
          </reporter-output>
        </test-method> <!-- afterTest -->
      </class> <!-- testng.Testngdemo -->
    </test> <!-- Default test -->
  </suite> <!-- Default suite -->
</testng-results>
